<?xml version="1.0" encoding="UTF-8"?>
<!-- Generated by org.testng.reporters.JUnitXMLReporter -->
<testsuite hostname="INPUHJPC10986" ignored="0" name="Listeners test" tests="2" failures="1" timestamp="27 Dec 2018 23:27:11 GMT" time="0.037" errors="0">
  <testcase name="f1" time="0.009" classname="TestPackage.ListenerTest"/>
  <testcase name="f2" time="0.002" classname="TestPackage.ListenerTest">
    <failure type="java.lang.AssertionError" message="expected [true] but found [false]">
      <![CDATA[java.lang.AssertionError: expected [true] but found [false]
	at TestPackage.ListenerTest.f2(ListenerTest.java:30)
... Removed 29 stack frames]]>
    </failure>
  </testcase> <!-- f2 -->
</testsuite> <!-- Listeners test -->
