<?xml version="1.0" encoding="UTF-8"?>
<!-- Generated by org.testng.reporters.JUnitXMLReporter -->
<testsuite hostname="INPUHJPC10986" ignored="0" name="Listeners test2" tests="2" failures="1" timestamp="27 Dec 2018 23:42:53 GMT" time="0.014" errors="0">
  <testcase name="f1" time="0.003" classname="TestPackage.ListenerTest2"/>
  <testcase name="f2" time="0.002" classname="TestPackage.ListenerTest2">
    <failure type="java.lang.AssertionError">
      <![CDATA[java.lang.AssertionError: 
	at TestPackage.ListenerTest2.f2(ListenerTest2.java:31)
... Removed 28 stack frames]]>
    </failure>
  </testcase> <!-- f2 -->
</testsuite> <!-- Listeners test2 -->
