<?xml version="1.0" encoding="UTF-8"?>
<!-- Generated by org.testng.reporters.JUnitXMLReporter -->
<testsuite hostname="Sanket" ignored="0" name="Default test" tests="3" failures="0" timestamp="30 Dec 2018 03:52:49 GMT" time="0.069" errors="0">
  <testcase name="f" time="0.014" classname="TestPackage.DataProviderTest"/>
  <testcase name="f" time="0.002" classname="TestPackage.DataProviderTest"/>
  <testcase name="f" time="0.002" classname="TestPackage.DataProviderTest"/>
</testsuite> <!-- Default test -->
