<?xml version="1.0" encoding="UTF-8"?>
<!-- Generated by org.testng.reporters.JUnitXMLReporter -->
<testsuite hostname="INPUHJPC10986" ignored="0" name="Practice test2" tests="1" failures="1" timestamp="26 Dec 2018 23:42:21 GMT" time="17.786" errors="0">
  <testcase name="f2" time="0.0" classname="TestPackage.PracticeTest2">
    <failure type="java.lang.NullPointerException">
      <![CDATA[java.lang.NullPointerException
	at TestPackage.PracticeTest2.f2(PracticeTest2.java:33)
	at java.util.concurrent.FutureTask.run(FutureTask.java:266)
	at java.util.concurrent.ThreadPoolExecutor.runWorker(ThreadPoolExecutor.java:1149)
	at java.util.concurrent.ThreadPoolExecutor$Worker.run(ThreadPoolExecutor.java:624)
	at java.lang.Thread.run(Thread.java:748)
... Removed 16 stack frames]]>
    </failure>
  </testcase> <!-- f2 -->
</testsuite> <!-- Practice test2 -->
