<?xml version="1.0" encoding="UTF-8"?>
<testng-results skipped="0" failed="0" ignored="0" total="1" passed="1">
  <reporter-output>
  </reporter-output>
  <suite name="Default suite" duration-ms="63" started-at="2019-02-02T14:03:31Z" finished-at="2019-02-02T14:03:31Z">
    <groups>
    </groups>
    <test name="Default test" duration-ms="63" started-at="2019-02-02T14:03:31Z" finished-at="2019-02-02T14:03:31Z">
      <class name="TestPackage.NewTest1">
        <test-method status="PASS" signature="f()[pri:0, instance:TestPackage.NewTest1@29774679]" name="f" duration-ms="16" started-at="2019-02-02T14:03:31Z" finished-at="2019-02-02T14:03:31Z">
          <reporter-output>
          </reporter-output>
        </test-method> <!-- f -->
      </class> <!-- TestPackage.NewTest1 -->
    </test> <!-- Default test -->
  </suite> <!-- Default suite -->
</testng-results>
