<?xml version="1.0" encoding="UTF-8"?>
<testng-results skipped="0" failed="0" ignored="0" total="3" passed="3">
  <reporter-output>
  </reporter-output>
  <suite name="Default suite" duration-ms="69" started-at="2018-12-30T03:52:48Z" finished-at="2018-12-30T03:52:49Z">
    <groups>
    </groups>
    <test name="Default test" duration-ms="69" started-at="2018-12-30T03:52:48Z" finished-at="2018-12-30T03:52:49Z">
      <class name="TestPackage.DataProviderTest">
        <test-method status="PASS" signature="f(java.lang.String, java.lang.String)[pri:0, instance:TestPackage.DataProviderTest@5e5792a0]" name="f" duration-ms="14" started-at="2018-12-30T03:52:49Z" data-provider="inputs" finished-at="2018-12-30T03:52:49Z">
          <params>
            <param index="0">
              <value>
                <![CDATA[BMW]]>
              </value>
            </param>
            <param index="1">
              <value>
                <![CDATA[A3]]>
              </value>
            </param>
          </params>
          <reporter-output>
          </reporter-output>
        </test-method> <!-- f -->
        <test-method status="PASS" signature="f(java.lang.String, java.lang.String)[pri:0, instance:TestPackage.DataProviderTest@5e5792a0]" name="f" duration-ms="2" started-at="2018-12-30T03:52:49Z" data-provider="inputs" finished-at="2018-12-30T03:52:49Z">
          <params>
            <param index="0">
              <value>
                <![CDATA[AUDI]]>
              </value>
            </param>
            <param index="1">
              <value>
                <![CDATA[A6]]>
              </value>
            </param>
          </params>
          <reporter-output>
          </reporter-output>
        </test-method> <!-- f -->
        <test-method status="PASS" signature="f(java.lang.String, java.lang.String)[pri:0, instance:TestPackage.DataProviderTest@5e5792a0]" name="f" duration-ms="2" started-at="2018-12-30T03:52:49Z" data-provider="inputs" finished-at="2018-12-30T03:52:49Z">
          <params>
            <param index="0">
              <value>
                <![CDATA[benz]]>
              </value>
            </param>
            <param index="1">
              <value>
                <![CDATA[c300]]>
              </value>
            </param>
          </params>
          <reporter-output>
          </reporter-output>
        </test-method> <!-- f -->
      </class> <!-- TestPackage.DataProviderTest -->
    </test> <!-- Default test -->
  </suite> <!-- Default suite -->
</testng-results>
